<?xml version="1.0" encoding="UTF-8"?>
<testsuite name="Login Test"
           tests="4"
           failures="0"
           errors="0"
           skipped="0"
           time="9.625">
  <properties />
  
  
            <testcase name="userShouldNavigateToLoginPageSuccessFully" time="0.759" classname="com.nopcommerce.demo.testsuite.LoginPageTest" />
                <testcase name="verifyThatUserShouldLogInSuccessFullyWithValidCredentials" time="2.167" classname="com.nopcommerce.demo.testsuite.LoginPageTest" />
                <testcase name="verifyTheErrorMessageWithInValidCredentials" time="3.766" classname="com.nopcommerce.demo.testsuite.LoginPageTest" />
                <testcase name="verifyThatUserShouldLogOutSuccessFully" time="2.933" classname="com.nopcommerce.demo.testsuite.LoginPageTest" />
      
</testsuite>
